#
# A fatal error has been detected by the Java Runtime Environment:
#
#  EXCEPTION_ACCESS_VIOLATION (0xc0000005) at pc=0x00007ffc676dd86d, pid=17740, tid=12900
#
# JRE version: Java(TM) SE Runtime Environment 18.9 (11.0.12+8) (build 11.0.12+8-LTS-237)
# Java VM: Java HotSpot(TM) 64-Bit Server VM 18.9 (11.0.12+8-LTS-237, mixed mode, tiered, compressed oops, g1 gc, windows-amd64)
# Problematic frame:
# V  [jvm.dll+0x52d86d]
#
# No core dump will be written. Minidumps are not enabled by default on client versions of Windows
#
# If you would like to submit a bug report, please visit:
#   https://bugreport.java.com/bugreport/crash.jsp
#

---------------  S U M M A R Y ------------

Command Line: -agentlib:jdwp=transport=dt_socket,server=n,address=58580 E:\johns\mavenproject1\target\surefire\surefirebooter14198399213312493889.jar E:\johns\mavenproject1\target\surefire\surefire11172005414677838707tmp E:\johns\mavenproject1\target\surefire\surefire_010854786795780005257tmp

Host: Intel(R) Core(TM) i5-9400F CPU @ 2.90GHz, 6 cores, 15G,  Windows 10 , 64 bit Build 19041 (10.0.19041.1151)
Time: Tue Sep 14 16:35:17 2021 Hora est. Pacífico, Sudamérica elapsed time: 1.115164 seconds (0d 0h 0m 1s)

---------------  T H R E A D  ---------------

Current thread (0x000001f793878000):  JavaThread "C2 CompilerThread0" daemon [_thread_in_native, id=12900, stack(0x000000ee90300000,0x000000ee90400000)]


Current CompileTask:
C2:   1115 1742       4       java.lang.StringLatin1::toLowerCase (180 bytes)

Stack: [0x000000ee90300000,0x000000ee90400000],  sp=0x000000ee903fa4a0,  free space=1001k
Native frames: (J=compiled Java code, j=interpreted, Vv=VM code, C=native code)
V  [jvm.dll+0x52d86d]
V  [jvm.dll+0x52cf3b]
V  [jvm.dll+0x20515d]
V  [jvm.dll+0x1ff15a]
V  [jvm.dll+0x1fc1ca]
V  [jvm.dll+0x17f18c]
V  [jvm.dll+0x20b87c]
V  [jvm.dll+0x20997b]
V  [jvm.dll+0x716359]
V  [jvm.dll+0x70f064]
V  [jvm.dll+0x616f66]
C  [ucrtbase.dll+0x21bb2]
C  [KERNEL32.DLL+0x17034]
C  [ntdll.dll+0x52651]


siginfo: EXCEPTION_ACCESS_VIOLATION (0xc0000005), reading address 0x00000000000000a8


Register to memory mapping:

RIP=0x00007ffc676dd86d jvm.dll
RAX=0x0 is NULL
RBX=0x000001f79443f960 points into unknown readable memory: 0x0000000000000000 | 00 00 00 00 00 00 00 00
RCX=0x000001f79443f960 points into unknown readable memory: 0x0000000000000000 | 00 00 00 00 00 00 00 00
RDX=0x00000000000003d4 is an unknown value
RSP=0x000000ee903fa4a0 is pointing into the stack for thread: 0x000001f793878000
RBP=0x0000000000000002 is an unknown value
RSI=0x000000ee903fa5b8 is pointing into the stack for thread: 0x000001f793878000
RDI=0x000000ee903faa20 is pointing into the stack for thread: 0x000001f793878000
R8 =0x0000000000000800 is an unknown value
R9 =0x0 is NULL
R10=0x0 is NULL
R11=0x000001f793a0af20 points into unknown readable memory: 0x000001f794487f50 | 50 7f 48 94 f7 01 00 00
R12=0x0000000000000002 is an unknown value
R13=0x000000ee903fa530 is pointing into the stack for thread: 0x000001f793878000
R14=0x000001f793f82a60 points into unknown readable memory: 0x00007ffc67a3adb8 | b8 ad a3 67 fc 7f 00 00
R15=0x000000ee903fa550 is pointing into the stack for thread: 0x000001f793878000


Registers:
RAX=0x0000000000000000, RBX=0x000001f79443f960, RCX=0x000001f79443f960, RDX=0x00000000000003d4
RSP=0x000000ee903fa4a0, RBP=0x0000000000000002, RSI=0x000000ee903fa5b8, RDI=0x000000ee903faa20
R8 =0x0000000000000800, R9 =0x0000000000000000, R10=0x0000000000000000, R11=0x000001f793a0af20
R12=0x0000000000000002, R13=0x000000ee903fa530, R14=0x000001f793f82a60, R15=0x000000ee903fa550
RIP=0x00007ffc676dd86d, EFLAGS=0x0000000000010206

Top of Stack: (sp=0x000000ee903fa4a0)
0x000000ee903fa4a0:   000001f794a92320 0000000000000003
0x000000ee903fa4b0:   000000ee903faa20 00007ffc676deb31
0x000000ee903fa4c0:   000000ee903fa610 000000ee903faa20
0x000000ee903fa4d0:   000001f79383ef88 000000ee903fb600
0x000000ee903fa4e0:   000000ee903faa20 000000ee903fa610
0x000000ee903fa4f0:   0000000000000000 0000000000000003
0x000000ee903fa500:   000000000000001d 00007ffc676dcf3b
0x000000ee903fa510:   000001f79390bf50 000000ee903fa550
0x000000ee903fa520:   000000ee00000002 000000ee903fa5b8
0x000000ee903fa530:   000001f7938cf970 000001f700000040
0x000000ee903fa540:   000001f793a0ae20 00007ffc0000001b
0x000000ee903fa550:   00007ffc67a532b0 000001f7938cf970
0x000000ee903fa560:   00007ffc00000040 000001f793a0ad20
0x000000ee903fa570:   000001f7938cf970 000001f794b6f710
0x000000ee903fa580:   0000000000018360 000001f794b73760
0x000000ee903fa590:   000001f794b776f8 000001f7938cf970 

Instructions: (pc=0x00007ffc676dd86d)
0x00007ffc676dd84d:   00 66 90 49 8b 5e 08 41 8b c4 41 ff c4 48 8b 1c
0x00007ffc676dd85d:   c3 48 85 db 0f 84 d7 00 00 00 48 8b 03 48 8b cb
0x00007ffc676dd86d:   ff 90 a8 00 00 00 84 c0 74 3f 48 8b 03 48 8b cb
0x00007ffc676dd87d:   ff 50 10 84 c0 75 32 48 8b 43 08 8b 73 28 4c 8b 


Stack slot to memory mapping:
stack at sp + 0 slots: 0x000001f794a92320 points into unknown readable memory: 0x00007ffc67a0f738 | 38 f7 a0 67 fc 7f 00 00
stack at sp + 1 slots: 0x0000000000000003 is an unknown value
stack at sp + 2 slots: 0x000000ee903faa20 is pointing into the stack for thread: 0x000001f793878000
stack at sp + 3 slots: 0x00007ffc676deb31 jvm.dll
stack at sp + 4 slots: 0x000000ee903fa610 is pointing into the stack for thread: 0x000001f793878000
stack at sp + 5 slots: 0x000000ee903faa20 is pointing into the stack for thread: 0x000001f793878000
stack at sp + 6 slots: 0x000001f79383ef88 points into unknown readable memory: 0x000001f793878000 | 00 80 87 93 f7 01 00 00
stack at sp + 7 slots: 0x000000ee903fb600 is pointing into the stack for thread: 0x000001f793878000


---------------  P R O C E S S  ---------------

Threads class SMR info:
_java_thread_list=0x000001f794a97a80, length=18, elements={
0x000001f7ef55e000, 0x000001f793841000, 0x000001f793842800, 0x000001f7938ce800,
0x000001f793876000, 0x000001f793877000, 0x000001f793878000, 0x000001f79387a000,
0x000001f79387f000, 0x000001f793a86000, 0x000001f793a89800, 0x000001f793a8a800,
0x000001f793aab000, 0x000001f794774800, 0x000001f79477e800, 0x000001f7947f0000,
0x000001f79497c000, 0x000001f794ac4000
}

Java Threads: ( => current thread )
  0x000001f7ef55e000 JavaThread "main" [_thread_blocked, id=10376, stack(0x000000ee8f700000,0x000000ee8f800000)]
  0x000001f793841000 JavaThread "Reference Handler" daemon [_thread_blocked, id=6536, stack(0x000000ee8fe00000,0x000000ee8ff00000)]
  0x000001f793842800 JavaThread "Finalizer" daemon [_thread_blocked, id=12672, stack(0x000000ee8ff00000,0x000000ee90000000)]
  0x000001f7938ce800 JavaThread "Signal Dispatcher" daemon [_thread_blocked, id=19580, stack(0x000000ee90000000,0x000000ee90100000)]
  0x000001f793876000 JavaThread "Attach Listener" daemon [_thread_blocked, id=4532, stack(0x000000ee90100000,0x000000ee90200000)]
  0x000001f793877000 JavaThread "Service Thread" daemon [_thread_blocked, id=14628, stack(0x000000ee90200000,0x000000ee90300000)]
=>0x000001f793878000 JavaThread "C2 CompilerThread0" daemon [_thread_in_native, id=12900, stack(0x000000ee90300000,0x000000ee90400000)]
  0x000001f79387a000 JavaThread "C1 CompilerThread0" daemon [_thread_blocked, id=11184, stack(0x000000ee90400000,0x000000ee90500000)]
  0x000001f79387f000 JavaThread "Sweeper thread" daemon [_thread_blocked, id=20832, stack(0x000000ee90500000,0x000000ee90600000)]
  0x000001f793a86000 JavaThread "JDWP Transport Listener: dt_socket" daemon [_thread_blocked, id=1920, stack(0x000000ee90600000,0x000000ee90700000)]
  0x000001f793a89800 JavaThread "JDWP Event Helper Thread" daemon [_thread_blocked, id=8436, stack(0x000000ee90700000,0x000000ee90800000)]
  0x000001f793a8a800 JavaThread "JDWP Command Reader" daemon [_thread_in_native, id=18672, stack(0x000000ee90800000,0x000000ee90900000)]
  0x000001f793aab000 JavaThread "Common-Cleaner" daemon [_thread_blocked, id=4276, stack(0x000000ee90a00000,0x000000ee90b00000)]
  0x000001f794774800 JavaThread "ForkJoinPool.commonPool-worker-3" daemon [_thread_blocked, id=7228, stack(0x000000ee90b00000,0x000000ee90c00000)]
  0x000001f79477e800 JavaThread "ForkJoinPool.commonPool-worker-5" daemon [_thread_blocked, id=14724, stack(0x000000ee90c00000,0x000000ee90d00000)]
  0x000001f7947f0000 JavaThread "mysql-cj-abandoned-connection-cleanup" daemon [_thread_blocked, id=1848, stack(0x000000ee90d00000,0x000000ee90e00000)]
  0x000001f79497c000 JavaThread "C2 CompilerThread1" daemon [_thread_blocked, id=9640, stack(0x000000ee90e00000,0x000000ee90f00000)]
  0x000001f794ac4000 JavaThread "Thread-1" daemon [_thread_blocked, id=15752, stack(0x000000ee91400000,0x000000ee91500000)]

Other Threads:
  0x000001f79383f800 VMThread "VM Thread" [stack: 0x000000ee8fd00000,0x000000ee8fe00000] [id=4420]
  0x000001f793a9f800 WatcherThread [stack: 0x000000ee90900000,0x000000ee90a00000] [id=17124]
  0x000001f7ef570800 GCTaskThread "GC Thread#0" [stack: 0x000000ee8f800000,0x000000ee8f900000] [id=11464]
  0x000001f794918000 GCTaskThread "GC Thread#1" [stack: 0x000000ee90f00000,0x000000ee91000000] [id=648]
  0x000001f794913800 GCTaskThread "GC Thread#2" [stack: 0x000000ee91000000,0x000000ee91100000] [id=8960]
  0x000001f79471a800 GCTaskThread "GC Thread#3" [stack: 0x000000ee91100000,0x000000ee91200000] [id=6128]
  0x000001f79470e800 GCTaskThread "GC Thread#4" [stack: 0x000000ee91200000,0x000000ee91300000] [id=8420]
  0x000001f79470f000 GCTaskThread "GC Thread#5" [stack: 0x000000ee91300000,0x000000ee91400000] [id=8880]
  0x000001f7ef5cc800 ConcurrentGCThread "G1 Main Marker" [stack: 0x000000ee8f900000,0x000000ee8fa00000] [id=4664]
  0x000001f7ef5d0000 ConcurrentGCThread "G1 Conc#0" [stack: 0x000000ee8fa00000,0x000000ee8fb00000] [id=9772]
  0x000001f794c4a800 ConcurrentGCThread "G1 Conc#1" [stack: 0x000000ee91500000,0x000000ee91600000] [id=12600]
  0x000001f7ffb36000 ConcurrentGCThread "G1 Refine#0" [stack: 0x000000ee8fb00000,0x000000ee8fc00000] [id=13228]
  0x000001f7ffb39000 ConcurrentGCThread "G1 Young RemSet Sampling" [stack: 0x000000ee8fc00000,0x000000ee8fd00000] [id=10640]

Threads with active compile tasks:
C2 CompilerThread0   1171 1742       4       java.lang.StringLatin1::toLowerCase (180 bytes)

VM state:not at safepoint (normal execution)

VM Mutex/Monitor currently owned by a thread: None

Heap address: 0x0000000701400000, size: 4076 MB, Compressed Oops mode: Zero based, Oop shift amount: 3
Narrow klass base: 0x0000000800000000, Narrow klass shift: 0
Compressed class space size: 1073741824 Address: 0x0000000800000000

Heap:
 garbage-first heap   total 262144K, used 11014K [0x0000000701400000, 0x0000000800000000)
  region size 1024K, 11 young (11264K), 5 survivors (5120K)
 Metaspace       used 21586K, capacity 22068K, committed 22448K, reserved 1069056K
  class space    used 2246K, capacity 2459K, committed 2560K, reserved 1048576K
Heap Regions: E=young(eden), S=young(survivor), O=old, HS=humongous(starts), HC=humongous(continues), CS=collection set, F=free, A=archive, TAMS=top-at-mark-start (previous, next)
|   0|0x0000000701400000, 0x0000000701500000, 0x0000000701500000|100%| O|  |TAMS 0x0000000701500000, 0x0000000701400000| Untracked 
|   1|0x0000000701500000, 0x0000000701571200, 0x0000000701600000| 44%| O|  |TAMS 0x0000000701571200, 0x0000000701500000| Untracked 
|   2|0x0000000701600000, 0x0000000701600000, 0x0000000701700000|  0%| F|  |TAMS 0x0000000701600000, 0x0000000701600000| Untracked 
|   3|0x0000000701700000, 0x0000000701700000, 0x0000000701800000|  0%| F|  |TAMS 0x0000000701700000, 0x0000000701700000| Untracked 
|   4|0x0000000701800000, 0x0000000701800000, 0x0000000701900000|  0%| F|  |TAMS 0x0000000701800000, 0x0000000701800000| Untracked 
|   5|0x0000000701900000, 0x0000000701900000, 0x0000000701a00000|  0%| F|  |TAMS 0x0000000701900000, 0x0000000701900000| Untracked 
|   6|0x0000000701a00000, 0x0000000701a00000, 0x0000000701b00000|  0%| F|  |TAMS 0x0000000701a00000, 0x0000000701a00000| Untracked 
|   7|0x0000000701b00000, 0x0000000701b00000, 0x0000000701c00000|  0%| F|  |TAMS 0x0000000701b00000, 0x0000000701b00000| Untracked 
|   8|0x0000000701c00000, 0x0000000701c00000, 0x0000000701d00000|  0%| F|  |TAMS 0x0000000701c00000, 0x0000000701c00000| Untracked 
|   9|0x0000000701d00000, 0x0000000701d00000, 0x0000000701e00000|  0%| F|  |TAMS 0x0000000701d00000, 0x0000000701d00000| Untracked 
|  10|0x0000000701e00000, 0x0000000701e00000, 0x0000000701f00000|  0%| F|  |TAMS 0x0000000701e00000, 0x0000000701e00000| Untracked 
|  11|0x0000000701f00000, 0x0000000701f00000, 0x0000000702000000|  0%| F|  |TAMS 0x0000000701f00000, 0x0000000701f00000| Untracked 
|  12|0x0000000702000000, 0x0000000702000000, 0x0000000702100000|  0%| F|  |TAMS 0x0000000702000000, 0x0000000702000000| Untracked 
|  13|0x0000000702100000, 0x0000000702100000, 0x0000000702200000|  0%| F|  |TAMS 0x0000000702100000, 0x0000000702100000| Untracked 
|  14|0x0000000702200000, 0x0000000702200000, 0x0000000702300000|  0%| F|  |TAMS 0x0000000702200000, 0x0000000702200000| Untracked 
|  15|0x0000000702300000, 0x0000000702300000, 0x0000000702400000|  0%| F|  |TAMS 0x0000000702300000, 0x0000000702300000| Untracked 
|  16|0x0000000702400000, 0x0000000702400000, 0x0000000702500000|  0%| F|  |TAMS 0x0000000702400000, 0x0000000702400000| Untracked 
|  17|0x0000000702500000, 0x0000000702500000, 0x0000000702600000|  0%| F|  |TAMS 0x0000000702500000, 0x0000000702500000| Untracked 
|  18|0x0000000702600000, 0x0000000702600000, 0x0000000702700000|  0%| F|  |TAMS 0x0000000702600000, 0x0000000702600000| Untracked 
|  19|0x0000000702700000, 0x0000000702700000, 0x0000000702800000|  0%| F|  |TAMS 0x0000000702700000, 0x0000000702700000| Untracked 
|  20|0x0000000702800000, 0x0000000702800000, 0x0000000702900000|  0%| F|  |TAMS 0x0000000702800000, 0x0000000702800000| Untracked 
|  21|0x0000000702900000, 0x0000000702900000, 0x0000000702a00000|  0%| F|  |TAMS 0x0000000702900000, 0x0000000702900000| Untracked 
|  22|0x0000000702a00000, 0x0000000702a00000, 0x0000000702b00000|  0%| F|  |TAMS 0x0000000702a00000, 0x0000000702a00000| Untracked 
|  23|0x0000000702b00000, 0x0000000702b00000, 0x0000000702c00000|  0%| F|  |TAMS 0x0000000702b00000, 0x0000000702b00000| Untracked 
|  24|0x0000000702c00000, 0x0000000702c00000, 0x0000000702d00000|  0%| F|  |TAMS 0x0000000702c00000, 0x0000000702c00000| Untracked 
|  25|0x0000000702d00000, 0x0000000702d00000, 0x0000000702e00000|  0%| F|  |TAMS 0x0000000702d00000, 0x0000000702d00000| Untracked 
|  26|0x0000000702e00000, 0x0000000702e00000, 0x0000000702f00000|  0%| F|  |TAMS 0x0000000702e00000, 0x0000000702e00000| Untracked 
|  27|0x0000000702f00000, 0x0000000702f00000, 0x0000000703000000|  0%| F|  |TAMS 0x0000000702f00000, 0x0000000702f00000| Untracked 
|  28|0x0000000703000000, 0x0000000703000000, 0x0000000703100000|  0%| F|  |TAMS 0x0000000703000000, 0x0000000703000000| Untracked 
|  29|0x0000000703100000, 0x0000000703100000, 0x0000000703200000|  0%| F|  |TAMS 0x0000000703100000, 0x0000000703100000| Untracked 
|  30|0x0000000703200000, 0x0000000703200000, 0x0000000703300000|  0%| F|  |TAMS 0x0000000703200000, 0x0000000703200000| Untracked 
|  31|0x0000000703300000, 0x0000000703300000, 0x0000000703400000|  0%| F|  |TAMS 0x0000000703300000, 0x0000000703300000| Untracked 
|  32|0x0000000703400000, 0x0000000703400000, 0x0000000703500000|  0%| F|  |TAMS 0x0000000703400000, 0x0000000703400000| Untracked 
|  33|0x0000000703500000, 0x0000000703500000, 0x0000000703600000|  0%| F|  |TAMS 0x0000000703500000, 0x0000000703500000| Untracked 
|  34|0x0000000703600000, 0x0000000703600000, 0x0000000703700000|  0%| F|  |TAMS 0x0000000703600000, 0x0000000703600000| Untracked 
|  35|0x0000000703700000, 0x0000000703700000, 0x0000000703800000|  0%| F|  |TAMS 0x0000000703700000, 0x0000000703700000| Untracked 
|  36|0x0000000703800000, 0x0000000703800000, 0x0000000703900000|  0%| F|  |TAMS 0x0000000703800000, 0x0000000703800000| Untracked 
|  37|0x0000000703900000, 0x0000000703900000, 0x0000000703a00000|  0%| F|  |TAMS 0x0000000703900000, 0x0000000703900000| Untracked 
|  38|0x0000000703a00000, 0x0000000703a00000, 0x0000000703b00000|  0%| F|  |TAMS 0x0000000703a00000, 0x0000000703a00000| Untracked 
|  39|0x0000000703b00000, 0x0000000703b00000, 0x0000000703c00000|  0%| F|  |TAMS 0x0000000703b00000, 0x0000000703b00000| Untracked 
|  40|0x0000000703c00000, 0x0000000703c00000, 0x0000000703d00000|  0%| F|  |TAMS 0x0000000703c00000, 0x0000000703c00000| Untracked 
|  41|0x0000000703d00000, 0x0000000703d00000, 0x0000000703e00000|  0%| F|  |TAMS 0x0000000703d00000, 0x0000000703d00000| Untracked 
|  42|0x0000000703e00000, 0x0000000703e00000, 0x0000000703f00000|  0%| F|  |TAMS 0x0000000703e00000, 0x0000000703e00000| Untracked 
|  43|0x0000000703f00000, 0x0000000703f00000, 0x0000000704000000|  0%| F|  |TAMS 0x0000000703f00000, 0x0000000703f00000| Untracked 
|  44|0x0000000704000000, 0x0000000704000000, 0x0000000704100000|  0%| F|  |TAMS 0x0000000704000000, 0x0000000704000000| Untracked 
|  45|0x0000000704100000, 0x0000000704100000, 0x0000000704200000|  0%| F|  |TAMS 0x0000000704100000, 0x0000000704100000| Untracked 
|  46|0x0000000704200000, 0x0000000704200000, 0x0000000704300000|  0%| F|  |TAMS 0x0000000704200000, 0x0000000704200000| Untracked 
|  47|0x0000000704300000, 0x0000000704300000, 0x0000000704400000|  0%| F|  |TAMS 0x0000000704300000, 0x0000000704300000| Untracked 
|  48|0x0000000704400000, 0x0000000704400000, 0x0000000704500000|  0%| F|  |TAMS 0x0000000704400000, 0x0000000704400000| Untracked 
|  49|0x0000000704500000, 0x0000000704500000, 0x0000000704600000|  0%| F|  |TAMS 0x0000000704500000, 0x0000000704500000| Untracked 
|  50|0x0000000704600000, 0x0000000704600000, 0x0000000704700000|  0%| F|  |TAMS 0x0000000704600000, 0x0000000704600000| Untracked 
|  51|0x0000000704700000, 0x0000000704700000, 0x0000000704800000|  0%| F|  |TAMS 0x0000000704700000, 0x0000000704700000| Untracked 
|  52|0x0000000704800000, 0x0000000704800000, 0x0000000704900000|  0%| F|  |TAMS 0x0000000704800000, 0x0000000704800000| Untracked 
|  53|0x0000000704900000, 0x0000000704900000, 0x0000000704a00000|  0%| F|  |TAMS 0x0000000704900000, 0x0000000704900000| Untracked 
|  54|0x0000000704a00000, 0x0000000704a00000, 0x0000000704b00000|  0%| F|  |TAMS 0x0000000704a00000, 0x0000000704a00000| Untracked 
|  55|0x0000000704b00000, 0x0000000704b00000, 0x0000000704c00000|  0%| F|  |TAMS 0x0000000704b00000, 0x0000000704b00000| Untracked 
|  56|0x0000000704c00000, 0x0000000704c00000, 0x0000000704d00000|  0%| F|  |TAMS 0x0000000704c00000, 0x0000000704c00000| Untracked 
|  57|0x0000000704d00000, 0x0000000704d00000, 0x0000000704e00000|  0%| F|  |TAMS 0x0000000704d00000, 0x0000000704d00000| Untracked 
|  58|0x0000000704e00000, 0x0000000704e00000, 0x0000000704f00000|  0%| F|  |TAMS 0x0000000704e00000, 0x0000000704e00000| Untracked 
|  59|0x0000000704f00000, 0x0000000704f00000, 0x0000000705000000|  0%| F|  |TAMS 0x0000000704f00000, 0x0000000704f00000| Untracked 
|  60|0x0000000705000000, 0x0000000705000000, 0x0000000705100000|  0%| F|  |TAMS 0x0000000705000000, 0x0000000705000000| Untracked 
|  61|0x0000000705100000, 0x0000000705100000, 0x0000000705200000|  0%| F|  |TAMS 0x0000000705100000, 0x0000000705100000| Untracked 
|  62|0x0000000705200000, 0x0000000705200000, 0x0000000705300000|  0%| F|  |TAMS 0x0000000705200000, 0x0000000705200000| Untracked 
|  63|0x0000000705300000, 0x0000000705300000, 0x0000000705400000|  0%| F|  |TAMS 0x0000000705300000, 0x0000000705300000| Untracked 
|  64|0x0000000705400000, 0x0000000705400000, 0x0000000705500000|  0%| F|  |TAMS 0x0000000705400000, 0x0000000705400000| Untracked 
|  65|0x0000000705500000, 0x0000000705500000, 0x0000000705600000|  0%| F|  |TAMS 0x0000000705500000, 0x0000000705500000| Untracked 
|  66|0x0000000705600000, 0x0000000705600000, 0x0000000705700000|  0%| F|  |TAMS 0x0000000705600000, 0x0000000705600000| Untracked 
|  67|0x0000000705700000, 0x0000000705700000, 0x0000000705800000|  0%| F|  |TAMS 0x0000000705700000, 0x0000000705700000| Untracked 
|  68|0x0000000705800000, 0x0000000705800000, 0x0000000705900000|  0%| F|  |TAMS 0x0000000705800000, 0x0000000705800000| Untracked 
|  69|0x0000000705900000, 0x0000000705900000, 0x0000000705a00000|  0%| F|  |TAMS 0x0000000705900000, 0x0000000705900000| Untracked 
|  70|0x0000000705a00000, 0x0000000705a00000, 0x0000000705b00000|  0%| F|  |TAMS 0x0000000705a00000, 0x0000000705a00000| Untracked 
|  71|0x0000000705b00000, 0x0000000705b00000, 0x0000000705c00000|  0%| F|  |TAMS 0x0000000705b00000, 0x0000000705b00000| Untracked 
|  72|0x0000000705c00000, 0x0000000705c00000, 0x0000000705d00000|  0%| F|  |TAMS 0x0000000705c00000, 0x0000000705c00000| Untracked 
|  73|0x0000000705d00000, 0x0000000705d00000, 0x0000000705e00000|  0%| F|  |TAMS 0x0000000705d00000, 0x0000000705d00000| Untracked 
|  74|0x0000000705e00000, 0x0000000705e00000, 0x0000000705f00000|  0%| F|  |TAMS 0x0000000705e00000, 0x0000000705e00000| Untracked 
|  75|0x0000000705f00000, 0x0000000705f00000, 0x0000000706000000|  0%| F|  |TAMS 0x0000000705f00000, 0x0000000705f00000| Untracked 
|  76|0x0000000706000000, 0x0000000706000000, 0x0000000706100000|  0%| F|  |TAMS 0x0000000706000000, 0x0000000706000000| Untracked 
|  77|0x0000000706100000, 0x0000000706100000, 0x0000000706200000|  0%| F|  |TAMS 0x0000000706100000, 0x0000000706100000| Untracked 
|  78|0x0000000706200000, 0x0000000706200000, 0x0000000706300000|  0%| F|  |TAMS 0x0000000706200000, 0x0000000706200000| Untracked 
|  79|0x0000000706300000, 0x0000000706300000, 0x0000000706400000|  0%| F|  |TAMS 0x0000000706300000, 0x0000000706300000| Untracked 
|  80|0x0000000706400000, 0x0000000706400000, 0x0000000706500000|  0%| F|  |TAMS 0x0000000706400000, 0x0000000706400000| Untracked 
|  81|0x0000000706500000, 0x0000000706500000, 0x0000000706600000|  0%| F|  |TAMS 0x0000000706500000, 0x0000000706500000| Untracked 
|  82|0x0000000706600000, 0x0000000706600000, 0x0000000706700000|  0%| F|  |TAMS 0x0000000706600000, 0x0000000706600000| Untracked 
|  83|0x0000000706700000, 0x0000000706700000, 0x0000000706800000|  0%| F|  |TAMS 0x0000000706700000, 0x0000000706700000| Untracked 
|  84|0x0000000706800000, 0x0000000706800000, 0x0000000706900000|  0%| F|  |TAMS 0x0000000706800000, 0x0000000706800000| Untracked 
|  85|0x0000000706900000, 0x0000000706900000, 0x0000000706a00000|  0%| F|  |TAMS 0x0000000706900000, 0x0000000706900000| Untracked 
|  86|0x0000000706a00000, 0x0000000706a00000, 0x0000000706b00000|  0%| F|  |TAMS 0x0000000706a00000, 0x0000000706a00000| Untracked 
|  87|0x0000000706b00000, 0x0000000706b00000, 0x0000000706c00000|  0%| F|  |TAMS 0x0000000706b00000, 0x0000000706b00000| Untracked 
|  88|0x0000000706c00000, 0x0000000706c00000, 0x0000000706d00000|  0%| F|  |TAMS 0x0000000706c00000, 0x0000000706c00000| Untracked 
|  89|0x0000000706d00000, 0x0000000706d00000, 0x0000000706e00000|  0%| F|  |TAMS 0x0000000706d00000, 0x0000000706d00000| Untracked 
|  90|0x0000000706e00000, 0x0000000706e00000, 0x0000000706f00000|  0%| F|  |TAMS 0x0000000706e00000, 0x0000000706e00000| Untracked 
|  91|0x0000000706f00000, 0x0000000706f00000, 0x0000000707000000|  0%| F|  |TAMS 0x0000000706f00000, 0x0000000706f00000| Untracked 
|  92|0x0000000707000000, 0x0000000707000000, 0x0000000707100000|  0%| F|  |TAMS 0x0000000707000000, 0x0000000707000000| Untracked 
|  93|0x0000000707100000, 0x0000000707100000, 0x0000000707200000|  0%| F|  |TAMS 0x0000000707100000, 0x0000000707100000| Untracked 
|  94|0x0000000707200000, 0x0000000707200000, 0x0000000707300000|  0%| F|  |TAMS 0x0000000707200000, 0x0000000707200000| Untracked 
|  95|0x0000000707300000, 0x0000000707300000, 0x0000000707400000|  0%| F|  |TAMS 0x0000000707300000, 0x0000000707300000| Untracked 
|  96|0x0000000707400000, 0x0000000707400000, 0x0000000707500000|  0%| F|  |TAMS 0x0000000707400000, 0x0000000707400000| Untracked 
|  97|0x0000000707500000, 0x0000000707500000, 0x0000000707600000|  0%| F|  |TAMS 0x0000000707500000, 0x0000000707500000| Untracked 
|  98|0x0000000707600000, 0x0000000707600000, 0x0000000707700000|  0%| F|  |TAMS 0x0000000707600000, 0x0000000707600000| Untracked 
|  99|0x0000000707700000, 0x0000000707700000, 0x0000000707800000|  0%| F|  |TAMS 0x0000000707700000, 0x0000000707700000| Untracked 
| 100|0x0000000707800000, 0x0000000707800000, 0x0000000707900000|  0%| F|  |TAMS 0x0000000707800000, 0x0000000707800000| Untracked 
| 101|0x0000000707900000, 0x0000000707900000, 0x0000000707a00000|  0%| F|  |TAMS 0x0000000707900000, 0x0000000707900000| Untracked 
| 102|0x0000000707a00000, 0x0000000707a00000, 0x0000000707b00000|  0%| F|  |TAMS 0x0000000707a00000, 0x0000000707a00000| Untracked 
| 103|0x0000000707b00000, 0x0000000707b00000, 0x0000000707c00000|  0%| F|  |TAMS 0x0000000707b00000, 0x0000000707b00000| Untracked 
| 104|0x0000000707c00000, 0x0000000707c00000, 0x0000000707d00000|  0%| F|  |TAMS 0x0000000707c00000, 0x0000000707c00000| Untracked 
| 105|0x0000000707d00000, 0x0000000707d00000, 0x0000000707e00000|  0%| F|  |TAMS 0x0000000707d00000, 0x0000000707d00000| Untracked 
| 106|0x0000000707e00000, 0x0000000707e00000, 0x0000000707f00000|  0%| F|  |TAMS 0x0000000707e00000, 0x0000000707e00000| Untracked 
| 107|0x0000000707f00000, 0x0000000707f00000, 0x0000000708000000|  0%| F|  |TAMS 0x0000000707f00000, 0x0000000707f00000| Untracked 
| 108|0x0000000708000000, 0x0000000708000000, 0x0000000708100000|  0%| F|  |TAMS 0x0000000708000000, 0x0000000708000000| Untracked 
| 109|0x0000000708100000, 0x0000000708100000, 0x0000000708200000|  0%| F|  |TAMS 0x0000000708100000, 0x0000000708100000| Untracked 
| 110|0x0000000708200000, 0x0000000708200000, 0x0000000708300000|  0%| F|  |TAMS 0x0000000708200000, 0x0000000708200000| Untracked 
| 111|0x0000000708300000, 0x0000000708300000, 0x0000000708400000|  0%| F|  |TAMS 0x0000000708300000, 0x0000000708300000| Untracked 
| 112|0x0000000708400000, 0x0000000708400000, 0x0000000708500000|  0%| F|  |TAMS 0x0000000708400000, 0x0000000708400000| Untracked 
| 113|0x0000000708500000, 0x0000000708500000, 0x0000000708600000|  0%| F|  |TAMS 0x0000000708500000, 0x0000000708500000| Untracked 
| 114|0x0000000708600000, 0x0000000708600000, 0x0000000708700000|  0%| F|  |TAMS 0x0000000708600000, 0x0000000708600000| Untracked 
| 115|0x0000000708700000, 0x0000000708700000, 0x0000000708800000|  0%| F|  |TAMS 0x0000000708700000, 0x0000000708700000| Untracked 
| 116|0x0000000708800000, 0x0000000708800000, 0x0000000708900000|  0%| F|  |TAMS 0x0000000708800000, 0x0000000708800000| Untracked 
| 117|0x0000000708900000, 0x0000000708900000, 0x0000000708a00000|  0%| F|  |TAMS 0x0000000708900000, 0x0000000708900000| Untracked 
| 118|0x0000000708a00000, 0x0000000708a00000, 0x0000000708b00000|  0%| F|  |TAMS 0x0000000708a00000, 0x0000000708a00000| Untracked 
| 119|0x0000000708b00000, 0x0000000708b00000, 0x0000000708c00000|  0%| F|  |TAMS 0x0000000708b00000, 0x0000000708b00000| Untracked 
| 120|0x0000000708c00000, 0x0000000708c00000, 0x0000000708d00000|  0%| F|  |TAMS 0x0000000708c00000, 0x0000000708c00000| Untracked 
| 121|0x0000000708d00000, 0x0000000708d00000, 0x0000000708e00000|  0%| F|  |TAMS 0x0000000708d00000, 0x0000000708d00000| Untracked 
| 122|0x0000000708e00000, 0x0000000708e00000, 0x0000000708f00000|  0%| F|  |TAMS 0x0000000708e00000, 0x0000000708e00000| Untracked 
| 123|0x0000000708f00000, 0x0000000708f00000, 0x0000000709000000|  0%| F|  |TAMS 0x0000000708f00000, 0x0000000708f00000| Untracked 
| 124|0x0000000709000000, 0x0000000709000000, 0x0000000709100000|  0%| F|  |TAMS 0x0000000709000000, 0x0000000709000000| Untracked 
| 125|0x0000000709100000, 0x0000000709100000, 0x0000000709200000|  0%| F|  |TAMS 0x0000000709100000, 0x0000000709100000| Untracked 
| 126|0x0000000709200000, 0x0000000709200000, 0x0000000709300000|  0%| F|  |TAMS 0x0000000709200000, 0x0000000709200000| Untracked 
| 127|0x0000000709300000, 0x0000000709300000, 0x0000000709400000|  0%| F|  |TAMS 0x0000000709300000, 0x0000000709300000| Untracked 
| 128|0x0000000709400000, 0x0000000709400000, 0x0000000709500000|  0%| F|  |TAMS 0x0000000709400000, 0x0000000709400000| Untracked 
| 129|0x0000000709500000, 0x0000000709500000, 0x0000000709600000|  0%| F|  |TAMS 0x0000000709500000, 0x0000000709500000| Untracked 
| 130|0x0000000709600000, 0x0000000709600000, 0x0000000709700000|  0%| F|  |TAMS 0x0000000709600000, 0x0000000709600000| Untracked 
| 131|0x0000000709700000, 0x0000000709700000, 0x0000000709800000|  0%| F|  |TAMS 0x0000000709700000, 0x0000000709700000| Untracked 
| 132|0x0000000709800000, 0x0000000709800000, 0x0000000709900000|  0%| F|  |TAMS 0x0000000709800000, 0x0000000709800000| Untracked 
| 133|0x0000000709900000, 0x0000000709900000, 0x0000000709a00000|  0%| F|  |TAMS 0x0000000709900000, 0x0000000709900000| Untracked 
| 134|0x0000000709a00000, 0x0000000709a00000, 0x0000000709b00000|  0%| F|  |TAMS 0x0000000709a00000, 0x0000000709a00000| Untracked 
| 135|0x0000000709b00000, 0x0000000709b00000, 0x0000000709c00000|  0%| F|  |TAMS 0x0000000709b00000, 0x0000000709b00000| Untracked 
| 136|0x0000000709c00000, 0x0000000709c00000, 0x0000000709d00000|  0%| F|  |TAMS 0x0000000709c00000, 0x0000000709c00000| Untracked 
| 137|0x0000000709d00000, 0x0000000709d00000, 0x0000000709e00000|  0%| F|  |TAMS 0x0000000709d00000, 0x0000000709d00000| Untracked 
| 138|0x0000000709e00000, 0x0000000709e00000, 0x0000000709f00000|  0%| F|  |TAMS 0x0000000709e00000, 0x0000000709e00000| Untracked 
| 139|0x0000000709f00000, 0x0000000709f00000, 0x000000070a000000|  0%| F|  |TAMS 0x0000000709f00000, 0x0000000709f00000| Untracked 
| 140|0x000000070a000000, 0x000000070a000000, 0x000000070a100000|  0%| F|  |TAMS 0x000000070a000000, 0x000000070a000000| Untracked 
| 141|0x000000070a100000, 0x000000070a100000, 0x000000070a200000|  0%| F|  |TAMS 0x000000070a100000, 0x000000070a100000| Untracked 
| 142|0x000000070a200000, 0x000000070a200000, 0x000000070a300000|  0%| F|  |TAMS 0x000000070a200000, 0x000000070a200000| Untracked 
| 143|0x000000070a300000, 0x000000070a300000, 0x000000070a400000|  0%| F|  |TAMS 0x000000070a300000, 0x000000070a300000| Untracked 
| 144|0x000000070a400000, 0x000000070a400000, 0x000000070a500000|  0%| F|  |TAMS 0x000000070a400000, 0x000000070a400000| Untracked 
| 145|0x000000070a500000, 0x000000070a500000, 0x000000070a600000|  0%| F|  |TAMS 0x000000070a500000, 0x000000070a500000| Untracked 
| 146|0x000000070a600000, 0x000000070a600000, 0x000000070a700000|  0%| F|  |TAMS 0x000000070a600000, 0x000000070a600000| Untracked 
| 147|0x000000070a700000, 0x000000070a700000, 0x000000070a800000|  0%| F|  |TAMS 0x000000070a700000, 0x000000070a700000| Untracked 
| 148|0x000000070a800000, 0x000000070a800000, 0x000000070a900000|  0%| F|  |TAMS 0x000000070a800000, 0x000000070a800000| Untracked 
| 149|0x000000070a900000, 0x000000070a900000, 0x000000070aa00000|  0%| F|  |TAMS 0x000000070a900000, 0x000000070a900000| Untracked 
| 150|0x000000070aa00000, 0x000000070aa00000, 0x000000070ab00000|  0%| F|  |TAMS 0x000000070aa00000, 0x000000070aa00000| Untracked 
| 151|0x000000070ab00000, 0x000000070ab00000, 0x000000070ac00000|  0%| F|  |TAMS 0x000000070ab00000, 0x000000070ab00000| Untracked 
| 152|0x000000070ac00000, 0x000000070ac00000, 0x000000070ad00000|  0%| F|  |TAMS 0x000000070ac00000, 0x000000070ac00000| Untracked 
| 153|0x000000070ad00000, 0x000000070ad00000, 0x000000070ae00000|  0%| F|  |TAMS 0x000000070ad00000, 0x000000070ad00000| Untracked 
| 154|0x000000070ae00000, 0x000000070ae00000, 0x000000070af00000|  0%| F|  |TAMS 0x000000070ae00000, 0x000000070ae00000| Untracked 
| 155|0x000000070af00000, 0x000000070af00000, 0x000000070b000000|  0%| F|  |TAMS 0x000000070af00000, 0x000000070af00000| Untracked 
| 156|0x000000070b000000, 0x000000070b000000, 0x000000070b100000|  0%| F|  |TAMS 0x000000070b000000, 0x000000070b000000| Untracked 
| 157|0x000000070b100000, 0x000000070b100000, 0x000000070b200000|  0%| F|  |TAMS 0x000000070b100000, 0x000000070b100000| Untracked 
| 158|0x000000070b200000, 0x000000070b200000, 0x000000070b300000|  0%| F|  |TAMS 0x000000070b200000, 0x000000070b200000| Untracked 
| 159|0x000000070b300000, 0x000000070b300000, 0x000000070b400000|  0%| F|  |TAMS 0x000000070b300000, 0x000000070b300000| Untracked 
| 160|0x000000070b400000, 0x000000070b400000, 0x000000070b500000|  0%| F|  |TAMS 0x000000070b400000, 0x000000070b400000| Untracked 
| 161|0x000000070b500000, 0x000000070b500000, 0x000000070b600000|  0%| F|  |TAMS 0x000000070b500000, 0x000000070b500000| Untracked 
| 162|0x000000070b600000, 0x000000070b600000, 0x000000070b700000|  0%| F|  |TAMS 0x000000070b600000, 0x000000070b600000| Untracked 
| 163|0x000000070b700000, 0x000000070b700000, 0x000000070b800000|  0%| F|  |TAMS 0x000000070b700000, 0x000000070b700000| Untracked 
| 164|0x000000070b800000, 0x000000070b800000, 0x000000070b900000|  0%| F|  |TAMS 0x000000070b800000, 0x000000070b800000| Untracked 
| 165|0x000000070b900000, 0x000000070b900000, 0x000000070ba00000|  0%| F|  |TAMS 0x000000070b900000, 0x000000070b900000| Untracked 
| 166|0x000000070ba00000, 0x000000070ba00000, 0x000000070bb00000|  0%| F|  |TAMS 0x000000070ba00000, 0x000000070ba00000| Untracked 
| 167|0x000000070bb00000, 0x000000070bb00000, 0x000000070bc00000|  0%| F|  |TAMS 0x000000070bb00000, 0x000000070bb00000| Untracked 
| 168|0x000000070bc00000, 0x000000070bc00000, 0x000000070bd00000|  0%| F|  |TAMS 0x000000070bc00000, 0x000000070bc00000| Untracked 
| 169|0x000000070bd00000, 0x000000070bd00000, 0x000000070be00000|  0%| F|  |TAMS 0x000000070bd00000, 0x000000070bd00000| Untracked 
| 170|0x000000070be00000, 0x000000070be00000, 0x000000070bf00000|  0%| F|  |TAMS 0x000000070be00000, 0x000000070be00000| Untracked 
| 171|0x000000070bf00000, 0x000000070bf00000, 0x000000070c000000|  0%| F|  |TAMS 0x000000070bf00000, 0x000000070bf00000| Untracked 
| 172|0x000000070c000000, 0x000000070c000000, 0x000000070c100000|  0%| F|  |TAMS 0x000000070c000000, 0x000000070c000000| Untracked 
| 173|0x000000070c100000, 0x000000070c100000, 0x000000070c200000|  0%| F|  |TAMS 0x000000070c100000, 0x000000070c100000| Untracked 
| 174|0x000000070c200000, 0x000000070c200000, 0x000000070c300000|  0%| F|  |TAMS 0x000000070c200000, 0x000000070c200000| Untracked 
| 175|0x000000070c300000, 0x000000070c300000, 0x000000070c400000|  0%| F|  |TAMS 0x000000070c300000, 0x000000070c300000| Untracked 
| 176|0x000000070c400000, 0x000000070c400000, 0x000000070c500000|  0%| F|  |TAMS 0x000000070c400000, 0x000000070c400000| Untracked 
| 177|0x000000070c500000, 0x000000070c500000, 0x000000070c600000|  0%| F|  |TAMS 0x000000070c500000, 0x000000070c500000| Untracked 
| 178|0x000000070c600000, 0x000000070c600000, 0x000000070c700000|  0%| F|  |TAMS 0x000000070c600000, 0x000000070c600000| Untracked 
| 179|0x000000070c700000, 0x000000070c700000, 0x000000070c800000|  0%| F|  |TAMS 0x000000070c700000, 0x000000070c700000| Untracked 
| 180|0x000000070c800000, 0x000000070c800000, 0x000000070c900000|  0%| F|  |TAMS 0x000000070c800000, 0x000000070c800000| Untracked 
| 181|0x000000070c900000, 0x000000070c900000, 0x000000070ca00000|  0%| F|  |TAMS 0x000000070c900000, 0x000000070c900000| Untracked 
| 182|0x000000070ca00000, 0x000000070ca00000, 0x000000070cb00000|  0%| F|  |TAMS 0x000000070ca00000, 0x000000070ca00000| Untracked 
| 183|0x000000070cb00000, 0x000000070cb00000, 0x000000070cc00000|  0%| F|  |TAMS 0x000000070cb00000, 0x000000070cb00000| Untracked 
| 184|0x000000070cc00000, 0x000000070cc00000, 0x000000070cd00000|  0%| F|  |TAMS 0x000000070cc00000, 0x000000070cc00000| Untracked 
| 185|0x000000070cd00000, 0x000000070cd00000, 0x000000070ce00000|  0%| F|  |TAMS 0x000000070cd00000, 0x000000070cd00000| Untracked 
| 186|0x000000070ce00000, 0x000000070ce00000, 0x000000070cf00000|  0%| F|  |TAMS 0x000000070ce00000, 0x000000070ce00000| Untracked 
| 187|0x000000070cf00000, 0x000000070cf00000, 0x000000070d000000|  0%| F|  |TAMS 0x000000070cf00000, 0x000000070cf00000| Untracked 
| 188|0x000000070d000000, 0x000000070d000000, 0x000000070d100000|  0%| F|  |TAMS 0x000000070d000000, 0x000000070d000000| Untracked 
| 189|0x000000070d100000, 0x000000070d100000, 0x000000070d200000|  0%| F|  |TAMS 0x000000070d100000, 0x000000070d100000| Untracked 
| 190|0x000000070d200000, 0x000000070d200000, 0x000000070d300000|  0%| F|  |TAMS 0x000000070d200000, 0x000000070d200000| Untracked 
| 191|0x000000070d300000, 0x000000070d300000, 0x000000070d400000|  0%| F|  |TAMS 0x000000070d300000, 0x000000070d300000| Untracked 
| 192|0x000000070d400000, 0x000000070d400000, 0x000000070d500000|  0%| F|  |TAMS 0x000000070d400000, 0x000000070d400000| Untracked 
| 193|0x000000070d500000, 0x000000070d500000, 0x000000070d600000|  0%| F|  |TAMS 0x000000070d500000, 0x000000070d500000| Untracked 
| 194|0x000000070d600000, 0x000000070d600000, 0x000000070d700000|  0%| F|  |TAMS 0x000000070d600000, 0x000000070d600000| Untracked 
| 195|0x000000070d700000, 0x000000070d700000, 0x000000070d800000|  0%| F|  |TAMS 0x000000070d700000, 0x000000070d700000| Untracked 
| 196|0x000000070d800000, 0x000000070d800000, 0x000000070d900000|  0%| F|  |TAMS 0x000000070d800000, 0x000000070d800000| Untracked 
| 197|0x000000070d900000, 0x000000070d900000, 0x000000070da00000|  0%| F|  |TAMS 0x000000070d900000, 0x000000070d900000| Untracked 
| 198|0x000000070da00000, 0x000000070da00000, 0x000000070db00000|  0%| F|  |TAMS 0x000000070da00000, 0x000000070da00000| Untracked 
| 199|0x000000070db00000, 0x000000070db00000, 0x000000070dc00000|  0%| F|  |TAMS 0x000000070db00000, 0x000000070db00000| Untracked 
| 200|0x000000070dc00000, 0x000000070dc00000, 0x000000070dd00000|  0%| F|  |TAMS 0x000000070dc00000, 0x000000070dc00000| Untracked 
| 201|0x000000070dd00000, 0x000000070dd00000, 0x000000070de00000|  0%| F|  |TAMS 0x000000070dd00000, 0x000000070dd00000| Untracked 
| 202|0x000000070de00000, 0x000000070de00000, 0x000000070df00000|  0%| F|  |TAMS 0x000000070de00000, 0x000000070de00000| Untracked 
| 203|0x000000070df00000, 0x000000070df00000, 0x000000070e000000|  0%| F|  |TAMS 0x000000070df00000, 0x000000070df00000| Untracked 
| 204|0x000000070e000000, 0x000000070e000000, 0x000000070e100000|  0%| F|  |TAMS 0x000000070e000000, 0x000000070e000000| Untracked 
| 205|0x000000070e100000, 0x000000070e100000, 0x000000070e200000|  0%| F|  |TAMS 0x000000070e100000, 0x000000070e100000| Untracked 
| 206|0x000000070e200000, 0x000000070e200000, 0x000000070e300000|  0%| F|  |TAMS 0x000000070e200000, 0x000000070e200000| Untracked 
| 207|0x000000070e300000, 0x000000070e300000, 0x000000070e400000|  0%| F|  |TAMS 0x000000070e300000, 0x000000070e300000| Untracked 
| 208|0x000000070e400000, 0x000000070e400000, 0x000000070e500000|  0%| F|  |TAMS 0x000000070e400000, 0x000000070e400000| Untracked 
| 209|0x000000070e500000, 0x000000070e500000, 0x000000070e600000|  0%| F|  |TAMS 0x000000070e500000, 0x000000070e500000| Untracked 
| 210|0x000000070e600000, 0x000000070e600000, 0x000000070e700000|  0%| F|  |TAMS 0x000000070e600000, 0x000000070e600000| Untracked 
| 211|0x000000070e700000, 0x000000070e700000, 0x000000070e800000|  0%| F|  |TAMS 0x000000070e700000, 0x000000070e700000| Untracked 
| 212|0x000000070e800000, 0x000000070e800000, 0x000000070e900000|  0%| F|  |TAMS 0x000000070e800000, 0x000000070e800000| Untracked 
| 213|0x000000070e900000, 0x000000070e900000, 0x000000070ea00000|  0%| F|  |TAMS 0x000000070e900000, 0x000000070e900000| Untracked 
| 214|0x000000070ea00000, 0x000000070ea00000, 0x000000070eb00000|  0%| F|  |TAMS 0x000000070ea00000, 0x000000070ea00000| Untracked 
| 215|0x000000070eb00000, 0x000000070eb00000, 0x000000070ec00000|  0%| F|  |TAMS 0x000000070eb00000, 0x000000070eb00000| Untracked 
| 216|0x000000070ec00000, 0x000000070ec00000, 0x000000070ed00000|  0%| F|  |TAMS 0x000000070ec00000, 0x000000070ec00000| Untracked 
| 217|0x000000070ed00000, 0x000000070ed00000, 0x000000070ee00000|  0%| F|  |TAMS 0x000000070ed00000, 0x000000070ed00000| Untracked 
| 218|0x000000070ee00000, 0x000000070ee00000, 0x000000070ef00000|  0%| F|  |TAMS 0x000000070ee00000, 0x000000070ee00000| Untracked 
| 219|0x000000070ef00000, 0x000000070ef00000, 0x000000070f000000|  0%| F|  |TAMS 0x000000070ef00000, 0x000000070ef00000| Untracked 
| 220|0x000000070f000000, 0x000000070f000000, 0x000000070f100000|  0%| F|  |TAMS 0x000000070f000000, 0x000000070f000000| Untracked 
| 221|0x000000070f100000, 0x000000070f100000, 0x000000070f200000|  0%| F|  |TAMS 0x000000070f100000, 0x000000070f100000| Untracked 
| 222|0x000000070f200000, 0x000000070f200000, 0x000000070f300000|  0%| F|  |TAMS 0x000000070f200000, 0x000000070f200000| Untracked 
| 223|0x000000070f300000, 0x000000070f300000, 0x000000070f400000|  0%| F|  |TAMS 0x000000070f300000, 0x000000070f300000| Untracked 
| 224|0x000000070f400000, 0x000000070f400000, 0x000000070f500000|  0%| F|  |TAMS 0x000000070f400000, 0x000000070f400000| Untracked 
| 225|0x000000070f500000, 0x000000070f500000, 0x000000070f600000|  0%| F|  |TAMS 0x000000070f500000, 0x000000070f500000| Untracked 
| 226|0x000000070f600000, 0x000000070f600000, 0x000000070f700000|  0%| F|  |TAMS 0x000000070f600000, 0x000000070f600000| Untracked 
| 227|0x000000070f700000, 0x000000070f700000, 0x000000070f800000|  0%| F|  |TAMS 0x000000070f700000, 0x000000070f700000| Untracked 
| 228|0x000000070f800000, 0x000000070f800000, 0x000000070f900000|  0%| F|  |TAMS 0x000000070f800000, 0x000000070f800000| Untracked 
| 229|0x000000070f900000, 0x000000070f900000, 0x000000070fa00000|  0%| F|  |TAMS 0x000000070f900000, 0x000000070f900000| Untracked 
| 230|0x000000070fa00000, 0x000000070fa00000, 0x000000070fb00000|  0%| F|  |TAMS 0x000000070fa00000, 0x000000070fa00000| Untracked 
| 231|0x000000070fb00000, 0x000000070fb00000, 0x000000070fc00000|  0%| F|  |TAMS 0x000000070fb00000, 0x000000070fb00000| Untracked 
| 232|0x000000070fc00000, 0x000000070fc00000, 0x000000070fd00000|  0%| F|  |TAMS 0x000000070fc00000, 0x000000070fc00000| Untracked 
| 233|0x000000070fd00000, 0x000000070fd00000, 0x000000070fe00000|  0%| F|  |TAMS 0x000000070fd00000, 0x000000070fd00000| Untracked 
| 234|0x000000070fe00000, 0x000000070fe00000, 0x000000070ff00000|  0%| F|  |TAMS 0x000000070fe00000, 0x000000070fe00000| Untracked 
| 235|0x000000070ff00000, 0x000000070ff00000, 0x0000000710000000|  0%| F|  |TAMS 0x000000070ff00000, 0x000000070ff00000| Untracked 
| 236|0x0000000710000000, 0x0000000710050828, 0x0000000710100000| 31%| S|CS|TAMS 0x0000000710000000, 0x0000000710000000| Complete 
| 237|0x0000000710100000, 0x0000000710200000, 0x0000000710200000|100%| S|CS|TAMS 0x0000000710100000, 0x0000000710100000| Complete 
| 238|0x0000000710200000, 0x0000000710300000, 0x0000000710300000|100%| S|CS|TAMS 0x0000000710200000, 0x0000000710200000| Complete 
| 239|0x0000000710300000, 0x0000000710400000, 0x0000000710400000|100%| S|CS|TAMS 0x0000000710300000, 0x0000000710300000| Complete 
| 240|0x0000000710400000, 0x0000000710500000, 0x0000000710500000|100%| S|CS|TAMS 0x0000000710400000, 0x0000000710400000| Complete 
| 241|0x0000000710500000, 0x0000000710500000, 0x0000000710600000|  0%| F|  |TAMS 0x0000000710500000, 0x0000000710500000| Untracked 
| 242|0x0000000710600000, 0x0000000710600000, 0x0000000710700000|  0%| F|  |TAMS 0x0000000710600000, 0x0000000710600000| Untracked 
| 243|0x0000000710700000, 0x0000000710700000, 0x0000000710800000|  0%| F|  |TAMS 0x0000000710700000, 0x0000000710700000| Untracked 
| 244|0x0000000710800000, 0x0000000710800000, 0x0000000710900000|  0%| F|  |TAMS 0x0000000710800000, 0x0000000710800000| Untracked 
| 245|0x0000000710900000, 0x0000000710900000, 0x0000000710a00000|  0%| F|  |TAMS 0x0000000710900000, 0x0000000710900000| Untracked 
| 246|0x0000000710a00000, 0x0000000710a00000, 0x0000000710b00000|  0%| F|  |TAMS 0x0000000710a00000, 0x0000000710a00000| Untracked 
| 247|0x0000000710b00000, 0x0000000710b00000, 0x0000000710c00000|  0%| F|  |TAMS 0x0000000710b00000, 0x0000000710b00000| Untracked 
| 248|0x0000000710c00000, 0x0000000710c00000, 0x0000000710d00000|  0%| F|  |TAMS 0x0000000710c00000, 0x0000000710c00000| Untracked 
| 249|0x0000000710d00000, 0x0000000710d00000, 0x0000000710e00000|  0%| F|  |TAMS 0x0000000710d00000, 0x0000000710d00000| Untracked 
| 250|0x0000000710e00000, 0x0000000710f00000, 0x0000000710f00000|100%| E|  |TAMS 0x0000000710e00000, 0x0000000710e00000| Complete 
| 251|0x0000000710f00000, 0x0000000711000000, 0x0000000711000000|100%| E|CS|TAMS 0x0000000710f00000, 0x0000000710f00000| Complete 
| 252|0x0000000711000000, 0x0000000711100000, 0x0000000711100000|100%| E|CS|TAMS 0x0000000711000000, 0x0000000711000000| Complete 
| 253|0x0000000711100000, 0x0000000711200000, 0x0000000711200000|100%| E|CS|TAMS 0x0000000711100000, 0x0000000711100000| Complete 
| 254|0x0000000711200000, 0x0000000711300000, 0x0000000711300000|100%| E|CS|TAMS 0x0000000711200000, 0x0000000711200000| Complete 
| 255|0x0000000711300000, 0x0000000711400000, 0x0000000711400000|100%| E|CS|TAMS 0x0000000711300000, 0x0000000711300000| Complete 

Card table byte_map: [0x000001f7f8330000,0x000001f7f8b30000] _byte_map_base: 0x000001f7f4b26000

Marking Bits (Prev, Next): (CMBitMap*) 0x000001f7ef5bac30, (CMBitMap*) 0x000001f7ef5babf8
 Prev Bits: [0x000001f78f000000, 0x000001f792fb0000)
 Next Bits: [0x000001f7f9330000, 0x000001f7fd2e0000)

Polling page: 0x000001f7ed4e0000

Metaspace:

Usage:
  Non-class:     19.15 MB capacity,    18.89 MB ( 99%) used,   219.61 KB (  1%) free+waste,    49.19 KB ( <1%) overhead. 
      Class:      2.40 MB capacity,     2.19 MB ( 91%) used,   190.20 KB (  8%) free+waste,    22.19 KB ( <1%) overhead. 
       Both:     21.55 MB capacity,    21.08 MB ( 98%) used,   409.80 KB (  2%) free+waste,    71.38 KB ( <1%) overhead. 

Virtual space:
  Non-class space:       20.00 MB reserved,      19.42 MB ( 97%) committed 
      Class space:        1.00 GB reserved,       2.50 MB ( <1%) committed 
             Both:        1.02 GB reserved,      21.92 MB (  2%) committed 

Chunk freelists:
   Non-Class:  4.88 KB
       Class:  640 bytes
        Both:  5.50 KB

CodeHeap 'non-profiled nmethods': size=120064Kb used=688Kb max_used=688Kb free=119375Kb
 bounds [0x000001f787ac0000, 0x000001f787d30000, 0x000001f78f000000]
CodeHeap 'profiled nmethods': size=120000Kb used=3701Kb max_used=3701Kb free=116298Kb
 bounds [0x000001f780590000, 0x000001f780930000, 0x000001f787ac0000]
CodeHeap 'non-nmethods': size=5696Kb used=1247Kb max_used=1270Kb free=4448Kb
 bounds [0x000001f780000000, 0x000001f780270000, 0x000001f780590000]
 total_blobs=2249 nmethods=1752 adapters=416
 compilation: enabled
              stopped_count=0, restarted_count=0
 full_count=0

Compilation events (10 events):
Event: 1.092 Thread 0x000001f79387a000 1749   !   3       java.util.Locale::getDefault (132 bytes)
Event: 1.092 Thread 0x000001f79387a000 nmethod 1749 0x000001f780929910 code [0x000001f780929b40, 0x000001f78092a418]
Event: 1.092 Thread 0x000001f79387a000 1750       3       java.lang.invoke.DirectMethodHandle::shouldBeInitialized (123 bytes)
Event: 1.093 Thread 0x000001f79387a000 nmethod 1750 0x000001f78092a690 code [0x000001f78092aa80, 0x000001f78092c198]
Event: 1.093 Thread 0x000001f79387a000 1751       3       java.util.Locale::hashCode (41 bytes)
Event: 1.094 Thread 0x000001f79387a000 nmethod 1751 0x000001f78092c910 code [0x000001f78092cac0, 0x000001f78092ccd8]
Event: 1.094 Thread 0x000001f79387a000 1752       3       java.util.Calendar::internalGet (7 bytes)
Event: 1.094 Thread 0x000001f79387a000 nmethod 1752 0x000001f78092ce10 code [0x000001f78092cfc0, 0x000001f78092d0f8]
Event: 1.094 Thread 0x000001f79387a000 1753       3       java.text.Format::<init> (5 bytes)
Event: 1.094 Thread 0x000001f79387a000 nmethod 1753 0x000001f78092d210 code [0x000001f78092d3c0, 0x000001f78092d518]

GC Heap History (4 events):
Event: 0.735 GC heap before
{Heap before GC invocations=0 (full 0):
 garbage-first heap   total 262144K, used 22528K [0x0000000701400000, 0x0000000800000000)
  region size 1024K, 22 young (22528K), 0 survivors (0K)
 Metaspace       used 15319K, capacity 15745K, committed 15872K, reserved 1062912K
  class space    used 1510K, capacity 1677K, committed 1792K, reserved 1048576K
}
Event: 0.739 GC heap after
{Heap after GC invocations=1 (full 0):
 garbage-first heap   total 262144K, used 4548K [0x0000000701400000, 0x0000000800000000)
  region size 1024K, 3 young (3072K), 3 survivors (3072K)
 Metaspace       used 15319K, capacity 15745K, committed 15872K, reserved 1062912K
  class space    used 1510K, capacity 1677K, committed 1792K, reserved 1048576K
}
Event: 0.981 GC heap before
{Heap before GC invocations=1 (full 0):
 garbage-first heap   total 262144K, used 18884K [0x0000000701400000, 0x0000000800000000)
  region size 1024K, 18 young (18432K), 3 survivors (3072K)
 Metaspace       used 20673K, capacity 21079K, committed 21296K, reserved 1069056K
  class space    used 2155K, capacity 2323K, committed 2432K, reserved 1048576K
}
Event: 0.986 GC heap after
{Heap after GC invocations=2 (full 0):
 garbage-first heap   total 262144K, used 5894K [0x0000000701400000, 0x0000000800000000)
  region size 1024K, 5 young (5120K), 5 survivors (5120K)
 Metaspace       used 20673K, capacity 21079K, committed 21296K, reserved 1069056K
  class space    used 2155K, capacity 2323K, committed 2432K, reserved 1048576K
}

Deoptimization events (10 events):
Event: 1.006 Thread 0x000001f7ef55e000 Uncommon trap: reason=class_check action=maybe_recompile pc=0x000001f787b3da58 method=java.util.regex.Pattern$Start.match(Ljava/util/regex/Matcher;ILjava/lang/CharSequence;)Z @ 44 c2
Event: 1.013 Thread 0x000001f7ef55e000 Uncommon trap: reason=unstable_if action=reinterpret pc=0x000001f787ace934 method=java.lang.StringLatin1.canEncode(I)Z @ 4 c2
Event: 1.013 Thread 0x000001f7ef55e000 Uncommon trap: reason=unstable_if action=reinterpret pc=0x000001f787ac83b8 method=java.lang.AbstractStringBuilder.isLatin1()Z @ 10 c2
Event: 1.013 Thread 0x000001f7ef55e000 Uncommon trap: reason=unstable_if action=reinterpret pc=0x000001f787ac74fc method=java.lang.AbstractStringBuilder.isLatin1()Z @ 10 c2
Event: 1.018 Thread 0x000001f7ef55e000 Uncommon trap: reason=unstable_if action=reinterpret pc=0x000001f787b28ff8 method=java.util.concurrent.ConcurrentHashMap.putVal(Ljava/lang/Object;Ljava/lang/Object;Z)Ljava/lang/Object; @ 231 c2
Event: 1.020 Thread 0x000001f7ef55e000 Uncommon trap: reason=class_check action=maybe_recompile pc=0x000001f787b3da58 method=java.util.regex.Pattern$Start.match(Ljava/util/regex/Matcher;ILjava/lang/CharSequence;)Z @ 44 c2
Event: 1.021 Thread 0x000001f7ef55e000 Uncommon trap: reason=class_check action=maybe_recompile pc=0x000001f787b3da58 method=java.util.regex.Pattern$Start.match(Ljava/util/regex/Matcher;ILjava/lang/CharSequence;)Z @ 44 c2
Event: 1.021 Thread 0x000001f7ef55e000 Uncommon trap: reason=class_check action=maybe_recompile pc=0x000001f787b3da58 method=java.util.regex.Pattern$Start.match(Ljava/util/regex/Matcher;ILjava/lang/CharSequence;)Z @ 44 c2
Event: 1.030 Thread 0x000001f7ef55e000 Uncommon trap: reason=unstable_if action=reinterpret pc=0x000001f787b33570 method=java.util.regex.Pattern$Branch.match(Ljava/util/regex/Matcher;ILjava/lang/CharSequence;)Z @ 19 c2
Event: 1.070 Thread 0x000001f7ef55e000 Uncommon trap: reason=unstable_if action=reinterpret pc=0x000001f787b61314 method=java.util.regex.Pattern.inRange(III)Z @ 7 c2

Classes redefined (0 events):
No events

Internal exceptions (10 events):
Event: 0.557 Thread 0x000001f7ef55e000 Exception <a 'java/lang/NoSuchMethodError'{0x0000000710799b58}: java.lang.invoke.DirectMethodHandle$Holder.invokeInterface(Ljava/lang/Object;Ljava/lang/Object;)V> (0x0000000710799b58) thrown at [./open/src/hotspot/share/interpreter/linkResolver.cpp, line 
Event: 0.604 Thread 0x000001f7ef55e000 Exception <a 'java/lang/NoSuchMethodError'{0x00000007105a1000}: java.lang.invoke.DirectMethodHandle$Holder.invokeSpecialIFC(Ljava/lang/Object;Ljava/lang/Object;I)I> (0x00000007105a1000) thrown at [./open/src/hotspot/share/interpreter/linkResolver.cpp, lin
Event: 0.628 Thread 0x000001f7ef55e000 Exception <a 'java/lang/NoSuchMethodError'{0x00000007104a62c0}: java.lang.invoke.DirectMethodHandle$Holder.invokeVirtual(Ljava/lang/Object;Ljava/lang/Object;Ljava/lang/Object;)Ljava/lang/Object;> (0x00000007104a62c0) thrown at [./open/src/hotspot/share/in
Event: 0.735 Thread 0x000001f7ef55e000 Exception <a 'java/lang/NoSuchMethodError'{0x000000070fefdc20}: java.lang.invoke.DirectMethodHandle$Holder.invokeStaticInit(Ljava/lang/Object;Ljava/lang/Object;)V> (0x000000070fefdc20) thrown at [./open/src/hotspot/share/interpreter/linkResolver.cpp, line
Event: 0.766 Thread 0x000001f7ef55e000 Exception <a 'sun/nio/fs/WindowsException'{0x00000007112702a0}> (0x00000007112702a0) thrown at [./open/src/hotspot/share/prims/jni.cpp, line 611]
Event: 0.774 Thread 0x000001f7ef55e000 Exception <a 'java/lang/NoSuchMethodError'{0x0000000711296870}: java.lang.invoke.DirectMethodHandle$Holder.invokeStaticInit(Ljava/lang/Object;Ljava/lang/Object;Ljava/lang/Object;Ljava/lang/Object;)I> (0x0000000711296870) thrown at [./open/src/hotspot/shar
Event: 0.955 Thread 0x000001f7ef55e000 Exception <a 'java/lang/NullPointerException'{0x0000000710971128}> (0x0000000710971128) thrown at [./open/src/hotspot/share/interpreter/linkResolver.cpp, line 1354]
Event: 0.955 Thread 0x000001f7ef55e000 Exception <a 'java/lang/reflect/InvocationTargetException'{0x00000007109716a0}> (0x00000007109716a0) thrown at [./open/src/hotspot/share/runtime/reflection.cpp, line 1242]
Event: 0.988 Thread 0x000001f7ef55e000 Exception <a 'java/net/SocketException'{0x0000000711302e98}: Software caused connection abort: socket write error> (0x0000000711302e98) thrown at [./open/src/hotspot/share/prims/jni.cpp, line 632]
Event: 1.029 Thread 0x000001f7ef55e000 Exception <a 'java/lang/NoSuchMethodError'{0x0000000711109008}: java.lang.invoke.DirectMethodHandle$Holder.invokeInterface(Ljava/lang/Object;Ljava/lang/Object;)I> (0x0000000711109008) thrown at [./open/src/hotspot/share/interpreter/linkResolver.cpp, line 

Events (10 events):
Event: 1.080 loading class org/testng/reporters/Files
Event: 1.080 loading class org/testng/reporters/Files done
Event: 1.091 loading class org/testng/reporters/XMLSuiteResultWriter
Event: 1.091 loading class org/testng/reporters/XMLSuiteResultWriter done
Event: 1.092 loading class org/testng/ITestResult
Event: 1.092 loading class org/testng/ITestResult done
Event: 1.092 loading class org/testng/ITestResult
Event: 1.092 loading class org/testng/ITestResult done
Event: 1.093 loading class org/testng/reporters/XMLSuiteResultWriter$1
Event: 1.093 loading class org/testng/reporters/XMLSuiteResultWriter$1 done


Dynamic libraries:
0x00007ff77d7a0000 - 0x00007ff77d7af000 	C:\Program Files\Java\jdk-11.0.12\bin\java.exe
0x00007ffd16670000 - 0x00007ffd16865000 	C:\WINDOWS\SYSTEM32\ntdll.dll
0x00007ffd15430000 - 0x00007ffd154ed000 	C:\WINDOWS\System32\KERNEL32.DLL
0x00007ffd140c0000 - 0x00007ffd14389000 	C:\WINDOWS\System32\KERNELBASE.dll
0x00007ffd13fc0000 - 0x00007ffd140c0000 	C:\WINDOWS\System32\ucrtbase.dll
0x00007ffcbb550000 - 0x00007ffcbb568000 	C:\Program Files\Java\jdk-11.0.12\bin\jli.dll
0x00007ffd0ec40000 - 0x00007ffd0ec55000 	C:\Program Files\Java\jdk-11.0.12\bin\VCRUNTIME140.dll
0x00007ffd154f0000 - 0x00007ffd1559c000 	C:\WINDOWS\System32\ADVAPI32.dll
0x00007ffd16530000 - 0x00007ffd165ce000 	C:\WINDOWS\System32\msvcrt.dll
0x00007ffd15fd0000 - 0x00007ffd1606b000 	C:\WINDOWS\System32\sechost.dll
0x00007ffd15030000 - 0x00007ffd1515a000 	C:\WINDOWS\System32\RPCRT4.dll
0x00007ffd155a0000 - 0x00007ffd15740000 	C:\WINDOWS\System32\USER32.dll
0x00007ffd13da0000 - 0x00007ffd13dc2000 	C:\WINDOWS\System32\win32u.dll
0x00007ffd13180000 - 0x00007ffd1341a000 	C:\WINDOWS\WinSxS\amd64_microsoft.windows.common-controls_6595b64144ccf1df_6.0.19041.1110_none_60b5254171f9507e\COMCTL32.dll
0x00007ffd14d80000 - 0x00007ffd14daa000 	C:\WINDOWS\System32\GDI32.dll
0x00007ffd13eb0000 - 0x00007ffd13fbb000 	C:\WINDOWS\System32\gdi32full.dll
0x00007ffd14520000 - 0x00007ffd145bd000 	C:\WINDOWS\System32\msvcp_win.dll
0x00007ffd0c0b0000 - 0x00007ffd0c0ba000 	C:\WINDOWS\SYSTEM32\VERSION.dll
0x00007ffd164f0000 - 0x00007ffd16520000 	C:\WINDOWS\System32\IMM32.DLL
0x00007ffcba100000 - 0x00007ffcba19b000 	C:\Program Files\Java\jdk-11.0.12\bin\msvcp140.dll
0x00007ffc671b0000 - 0x00007ffc67caf000 	C:\Program Files\Java\jdk-11.0.12\bin\server\jvm.dll
0x00007ffd14fc0000 - 0x00007ffd14fc8000 	C:\WINDOWS\System32\PSAPI.DLL
0x00007ffcfaf60000 - 0x00007ffcfaf69000 	C:\WINDOWS\SYSTEM32\WSOCK32.dll
0x00007ffd08240000 - 0x00007ffd08267000 	C:\WINDOWS\SYSTEM32\WINMM.dll
0x00007ffd15f60000 - 0x00007ffd15fcb000 	C:\WINDOWS\System32\WS2_32.dll
0x00007ffd11680000 - 0x00007ffd11692000 	C:\WINDOWS\SYSTEM32\kernel.appcore.dll
0x00007ffd0f310000 - 0x00007ffd0f320000 	C:\Program Files\Java\jdk-11.0.12\bin\verify.dll
0x00007ffd13620000 - 0x00007ffd13804000 	C:\WINDOWS\SYSTEM32\DBGHELP.DLL
0x00007ffd13550000 - 0x00007ffd1357c000 	C:\WINDOWS\SYSTEM32\dbgcore.DLL
0x00007ffd13dd0000 - 0x00007ffd13e53000 	C:\WINDOWS\System32\bcryptPrimitives.dll
0x00007ffd0ec10000 - 0x00007ffd0ec38000 	C:\Program Files\Java\jdk-11.0.12\bin\java.dll
0x00007ffd0de70000 - 0x00007ffd0de7a000 	C:\Program Files\Java\jdk-11.0.12\bin\jimage.dll
0x00007ffcb30e0000 - 0x00007ffcb3118000 	C:\Program Files\Java\jdk-11.0.12\bin\jdwp.dll
0x00007ffd0de50000 - 0x00007ffd0de66000 	C:\Program Files\Java\jdk-11.0.12\bin\zip.dll
0x00007ffd157a0000 - 0x00007ffd15edf000 	C:\WINDOWS\System32\SHELL32.dll
0x00007ffd11880000 - 0x00007ffd12010000 	C:\WINDOWS\SYSTEM32\windows.storage.dll
0x00007ffd147a0000 - 0x00007ffd14af5000 	C:\WINDOWS\System32\combase.dll
0x00007ffd13110000 - 0x00007ffd1313c000 	C:\WINDOWS\SYSTEM32\Wldp.dll
0x00007ffd14c20000 - 0x00007ffd14cce000 	C:\WINDOWS\System32\SHCORE.dll
0x00007ffd15740000 - 0x00007ffd15795000 	C:\WINDOWS\System32\shlwapi.dll
0x00007ffd13ce0000 - 0x00007ffd13cff000 	C:\WINDOWS\SYSTEM32\profapi.dll
0x00007ffd0dc60000 - 0x00007ffd0dc6a000 	C:\Program Files\Java\jdk-11.0.12\bin\dt_socket.dll
0x00007ffd12fe0000 - 0x00007ffd1304a000 	C:\WINDOWS\System32\mswsock.dll
0x00007ffd12ba0000 - 0x00007ffd12c6c000 	C:\WINDOWS\SYSTEM32\DNSAPI.dll
0x00007ffd12b60000 - 0x00007ffd12b9b000 	C:\WINDOWS\SYSTEM32\IPHLPAPI.DLL
0x00007ffd16520000 - 0x00007ffd16528000 	C:\WINDOWS\System32\NSI.dll
0x00007ffd066c0000 - 0x00007ffd0673f000 	C:\WINDOWS\System32\fwpuclnt.dll
0x00007ffd144f0000 - 0x00007ffd14517000 	C:\WINDOWS\System32\bcrypt.dll
0x00007ffd06020000 - 0x00007ffd0602a000 	C:\Windows\System32\rasadhlp.dll
0x00007ffd0dd90000 - 0x00007ffd0dda9000 	C:\Program Files\Java\jdk-11.0.12\bin\net.dll
0x00007ffd064a0000 - 0x00007ffd065a8000 	C:\WINDOWS\SYSTEM32\WINHTTP.dll
0x00007ffcf1360000 - 0x00007ffcf1372000 	C:\Program Files\Java\jdk-11.0.12\bin\nio.dll
0x00007ffd13b20000 - 0x00007ffd13b38000 	C:\WINDOWS\SYSTEM32\CRYPTSP.dll
0x00007ffd12810000 - 0x00007ffd12844000 	C:\WINDOWS\system32\rsaenh.dll
0x00007ffd13ca0000 - 0x00007ffd13cce000 	C:\WINDOWS\SYSTEM32\USERENV.dll
0x00007ffd12f50000 - 0x00007ffd12f5c000 	C:\WINDOWS\SYSTEM32\CRYPTBASE.dll
0x00007ffd0dcf0000 - 0x00007ffd0dd07000 	C:\WINDOWS\SYSTEM32\dhcpcsvc6.DLL
0x00007ffd0dc40000 - 0x00007ffd0dc5d000 	C:\WINDOWS\SYSTEM32\dhcpcsvc.DLL
0x00007ffcc9aa0000 - 0x00007ffcc9ac5000 	C:\Program Files\Java\jdk-11.0.12\bin\sunec.dll
0x00007ffce93c0000 - 0x00007ffce93cd000 	C:\Program Files\Java\jdk-11.0.12\bin\sunmscapi.dll
0x00007ffd14390000 - 0x00007ffd144ef000 	C:\WINDOWS\System32\CRYPT32.dll
0x00007ffd13420000 - 0x00007ffd13447000 	C:\WINDOWS\SYSTEM32\ncrypt.dll
0x00007ffd13140000 - 0x00007ffd1317b000 	C:\WINDOWS\SYSTEM32\NTASN1.dll
0x00007ffcf93c0000 - 0x00007ffcf93d7000 	C:\WINDOWS\system32\napinsp.dll
0x00007ffcf9260000 - 0x00007ffcf927b000 	C:\WINDOWS\system32\pnrpnsp.dll
0x00007ffcf9140000 - 0x00007ffcf9155000 	C:\WINDOWS\system32\wshbth.dll
0x00007ffd0f5d0000 - 0x00007ffd0f5ed000 	C:\WINDOWS\system32\NLAapi.dll
0x00007ffcf8ff0000 - 0x00007ffcf9002000 	C:\WINDOWS\System32\winrnr.dll

dbghelp: loaded successfully - version: 4.0.5 - missing functions: none
symbol engine: initialized successfully - sym options: 0x614 - pdb path: .;C:\Program Files\Java\jdk-11.0.12\bin;C:\WINDOWS\SYSTEM32;C:\WINDOWS\WinSxS\amd64_microsoft.windows.common-controls_6595b64144ccf1df_6.0.19041.1110_none_60b5254171f9507e;C:\Program Files\Java\jdk-11.0.12\bin\server

VM Arguments:
jvm_args: -agentlib:jdwp=transport=dt_socket,server=n,address=58580 
java_command: E:\johns\mavenproject1\target\surefire\surefirebooter14198399213312493889.jar E:\johns\mavenproject1\target\surefire\surefire11172005414677838707tmp E:\johns\mavenproject1\target\surefire\surefire_010854786795780005257tmp
java_class_path (initial): E:\johns\mavenproject1\target\surefire\surefirebooter14198399213312493889.jar
Launcher Type: SUN_STANDARD

[Global flags]
     intx CICompilerCount                          = 3                                         {product} {ergonomic}
     uint ConcGCThreads                            = 2                                         {product} {ergonomic}
     uint G1ConcRefinementThreads                  = 6                                         {product} {ergonomic}
   size_t G1HeapRegionSize                         = 1048576                                   {product} {ergonomic}
    uintx GCDrainStackTargetSize                   = 64                                        {product} {ergonomic}
   size_t InitialHeapSize                          = 268435456                                 {product} {ergonomic}
   size_t MarkStackSize                            = 4194304                                   {product} {ergonomic}
   size_t MaxHeapSize                              = 4273995776                                {product} {ergonomic}
   size_t MaxNewSize                               = 2563768320                                {product} {ergonomic}
   size_t MinHeapDeltaBytes                        = 1048576                                   {product} {ergonomic}
    uintx NonNMethodCodeHeapSize                   = 5830732                                {pd product} {ergonomic}
    uintx NonProfiledCodeHeapSize                  = 122913754                              {pd product} {ergonomic}
    uintx ProfiledCodeHeapSize                     = 122913754                              {pd product} {ergonomic}
    uintx ReservedCodeCacheSize                    = 251658240                              {pd product} {ergonomic}
     bool SegmentedCodeCache                       = true                                      {product} {ergonomic}
     bool UseCompressedClassPointers               = true                                 {lp64_product} {ergonomic}
     bool UseCompressedOops                        = true                                 {lp64_product} {ergonomic}
     bool UseG1GC                                  = true                                      {product} {ergonomic}
     bool UseLargePagesIndividualAllocation        = false                                  {pd product} {ergonomic}

Logging:
Log output configuration:
 #0: stdout all=warning uptime,level,tags
 #1: stderr all=off uptime,level,tags

Environment Variables:
JAVA_HOME=C:\Program Files\Java\jdk-11.0.12
PATH=C:\Program Files\Common Files\Oracle\Java\javapath;C:\PROGRA~1\PTC\UTILIT~1\MKSTOO~1\bin64;C:\PROGRA~1\PTC\UTILIT~1\MKSTOO~1\bin;C:\PROGRA~1\PTC\UTILIT~1\MKSTOO~1\bin\X11;C:\PROGRA~1\PTC\UTILIT~1\MKSTOO~1\mksnt;E:\Program Files\Python39\Scripts\;E:\Program Files\Python39\;C:\Program Files (x86)\NVIDIA Corporation\PhysX\Common;C:\Program Files (x86)\Common Files\Intel\Shared Libraries\redist\intel64\compiler;C:\WINDOWS\system32;C:\WINDOWS;C:\WINDOWS\System32\Wbem;C:\WINDOWS\System32\WindowsPowerShell\v1.0\;C:\WINDOWS\System32\OpenSSH\;C:\Program Files\Microsoft SQL Server\120\Tools\Binn\;C:\Program Files\Microsoft SQL Server\Client SDK\ODBC\110\Tools\Binn\;C:\Program Files (x86)\Microsoft SQL Server\120\Tools\Binn\;C:\Program Files\Microsoft SQL Server\120\DTS\Binn\;C:\Program Files (x86)\Windows Kits\8.1\Windows Performance Toolkit\;E:\Program Files\matlab\runtime\win64;E:\Program Files\matlab\bin;E:\Program Files\matlab\polyspace\bin;E:\apache-tomcat-10.0.6\bin;C:\Program Files\Java\jdk-11.0.12\bin;E:\Program Files\orcad\OpenAccess\bin\win32\opt;E:\Program Files\orcad\tools\pcb\bin;E:\Program Files\orcad\tools\fet\bin;E:\Program Files\orcad\tools\Capture;E:\Program Files\orcad\tools\PSpice;E:\Program Files\orcad\tools\specctra\bin;E:\Program Files\orcad\tools\bin;C:\Users\PERSONAL\AppData\Local\Microsoft\WindowsApps;;C:\Users\PERSONAL\AppData\Local\Programs\Microsoft VS Code\bin
USERNAME=PERSONAL
DISPLAY=:0.0
OS=Windows_NT
PROCESSOR_IDENTIFIER=Intel64 Family 6 Model 158 Stepping 10, GenuineIntel



---------------  S Y S T E M  ---------------

OS: Windows 10 , 64 bit Build 19041 (10.0.19041.1151)

CPU:total 6 (initial active 6) (6 cores per cpu, 1 threads per core) family 6 model 158 stepping 10 microcode 0xde, cmov, cx8, fxsr, mmx, sse, sse2, sse3, ssse3, sse4.1, sse4.2, popcnt, avx, avx2, aes, clmul, erms, 3dnowpref, lzcnt, tsc, tscinvbit, bmi1, bmi2, adx, fma

Memory: 4k page, system-wide physical 16297M (7159M free)
TotalPageFile size 19753M (AvailPageFile size 3402M)
current process WorkingSet (physical memory assigned to process): 103M, peak: 105M
current process commit charge ("private bytes"): 369M, peak: 370M

vm_info: Java HotSpot(TM) 64-Bit Server VM (11.0.12+8-LTS-237) for windows-amd64 JRE (11.0.12+8-LTS-237), built on Jun  8 2021 11:25:59 by "mach5one" with MS VC++ 15.9 (VS2017)

END.
